<?xml version="1.0" encoding="UTF-8"?>
<!-- Generated by org.testng.reporters.JUnitXMLReporter -->
<testsuite ignored="0" hostname="LAPTOP-9F12804G" failures="1" tests="11" name="Remove_cart_method" time="87.795" errors="0" timestamp="2024-08-31T11:49:53 IST">
  <testcase classname="testCases.Inventory_Page_Test_Day_4_removecart" name="addProductTest" time="1.844"/>
  <testcase classname="testCases.Inventory_Page_Test_Day_4_removecart" name="meanuTest" time="0.058"/>
  <testcase classname="testCases.Inventory_Page_Test_Day_4_removecart" name="removecartTest" time="2.386"/>
  <testcase classname="testCases.Inventory_Page_Test_Day_4_removecart" name="veriFyLinkidnTest" time="0.049"/>
  <testcase classname="testCases.Inventory_Page_Test_Day_4_removecart" name="verifyCopyTest" time="0.035">
    <failure type="java.lang.AssertionError" message="expected [© 2024 Sauce Labs. All Rights Reserved. Terms of Service | Privacy Policy] but found [© 2024 Sauce Labs. All Rights Reserved. Terms of Service | Privacy ]">
      <![CDATA[java.lang.AssertionError: expected [© 2024 Sauce Labs. All Rights Reserved. Terms of Service | Privacy Policy] but found [© 2024 Sauce Labs. All Rights Reserved. Terms of Service | Privacy ]
at testCases.Inventory_Page_Test_Day_4_removecart.verifyCopyTest(Inventory_Page_Test_Day_4_removecart.java:90)
at java.base/java.util.ArrayList.forEach(ArrayList.java:1511)
... Removed 33 stack frames]]>
    </failure>
  </testcase> <!-- verifyCopyTest -->
  <testcase classname="testCases.Inventory_Page_Test_Day_4_removecart" name="verifyFacebookTest" time="0.072"/>
  <testcase classname="testCases.Inventory_Page_Test_Day_4_removecart" name="verifyProdTitleTest" time="0.154"/>
  <testcase classname="testCases.Inventory_Page_Test_Day_4_removecart" name="vrifyPageTitleTest" time="0.029"/>
  <testcase classname="testCases.LoginPage_Test_Day4_excelfile" name="LoginApplicationTest" time="1.961"/>
  <testcase classname="testCases.LoginPage_Test_Day4_excelfile" name="verifyTitleOfApplicationTest" time="0.077"/>
  <testcase classname="testCases.LoginPage_Test_Day4_excelfile" name="verifyUrlOfApllicationTest" time="0.091"/>
</testsuite> <!-- Remove_cart_method -->
